#
# There is insufficient memory for the Java Runtime Environment to continue.
# Native memory allocation (mmap) failed to map 134217728 bytes for Failed to commit area from 0x0000000081c00000 to 0x0000000089c00000 of length 134217728.
# Possible reasons:
#   The system is out of physical RAM or swap space
#   The process is running with CompressedOops enabled, and the Java Heap may be blocking the growth of the native heap
# Possible solutions:
#   Reduce memory load on the system
#   Increase physical memory or swap space
#   Check if swap backing store is full
#   Decrease Java heap size (-Xmx/-Xms)
#   Decrease number of Java threads
#   Decrease Java thread stack sizes (-Xss)
#   Set larger code cache with -XX:ReservedCodeCacheSize=
# This output file may be truncated or incomplete.
#
#  Out of Memory Error (t:/workspace/open/src/hotspot/os/windows/os_windows.cpp:3301), pid=1316, tid=27248
#
# JRE version:  (13.0.2+8) (build )
# Java VM: Java HotSpot(TM) 64-Bit Server VM (13.0.2+8, mixed mode, aot, sharing, tiered, compressed oops, g1 gc, windows-amd64)
# No core dump will be written. Minidumps are not enabled by default on client versions of Windows
#

---------------  S U M M A R Y ------------

Command Line: -Dfile.encoding=UTF-8 musicacademy.Front_Page

Host: Intel(R) Core(TM) i5-8265U CPU @ 1.60GHz, 8 cores, 7G,  Windows 10 , 64 bit Build 22000 (10.0.22000.434)
Time: Tue Feb 15 12:54:42 2022 India Standard Time elapsed time: 0 seconds (0d 0h 0m 0s)

---------------  T H R E A D  ---------------

Current thread (0x000002e29cab8800):  JavaThread "Unknown thread" [_thread_in_vm, id=27248, stack(0x000000ee6da00000,0x000000ee6db00000)]

Stack: [0x000000ee6da00000,0x000000ee6db00000]
Native frames: (J=compiled Java code, j=interpreted, Vv=VM code, C=native code)
V  [jvm.dll+0x624f9a]
V  [jvm.dll+0x770cfa]
V  [jvm.dll+0x7724af]
V  [jvm.dll+0x772ab3]
V  [jvm.dll+0x24bf08]
V  [jvm.dll+0x6222aa]
V  [jvm.dll+0x6170b5]
V  [jvm.dll+0x30a88c]
V  [jvm.dll+0x30a6c2]
V  [jvm.dll+0x30fe36]
V  [jvm.dll+0x353f46]
V  [jvm.dll+0x353720]
V  [jvm.dll+0x2e550a]
V  [jvm.dll+0x2e67a2]
V  [jvm.dll+0x74dd78]
V  [jvm.dll+0x361989]
V  [jvm.dll+0x730e65]
V  [jvm.dll+0x3cc53f]
V  [jvm.dll+0x3ce861]
C  [jli.dll+0x51ff]
C  [ucrtbase.dll+0x26c0c]
C  [KERNEL32.DLL+0x154e0]
C  [ntdll.dll+0x485b]


---------------  P R O C E S S  ---------------

Threads class SMR info:
_java_thread_list=0x00007ffa75acccb8, length=0, elements={
}

Java Threads: ( => current thread )

Other Threads:
  0x000002e29cafd800 GCTaskThread "GC Thread#0" [stack: 0x000000ee6db00000,0x000000ee6dc00000] [id=13576]
  0x000002e29cb0f000 ConcurrentGCThread "G1 Main Marker" [stack: 0x000000ee6dc00000,0x000000ee6dd00000] [id=1516]
  0x000002e29cb10800 ConcurrentGCThread "G1 Conc#0" [stack: 0x000000ee6dd00000,0x000000ee6de00000] [id=10488]

[error occurred during error reporting (printing all threads), id 0xc0000005, EXCEPTION_ACCESS_VIOLATION (0xc0000005) at pc=0x00007ffa753051d7]

VM state:not at safepoint (not fully initialized)

VM Mutex/Monitor currently owned by a thread:  ([mutex/lock_event])
[0x000002e29cab58b0] Heap_lock - owner thread: 0x000002e29cab8800

Heap address: 0x0000000081c00000, size: 2020 MB, Compressed Oops mode: Non-zero based: 0x0000000081c00000
Narrow klass base: 0x0000000000000000, Narrow klass shift: 0

GC Heap History (0 events):
No events

Deoptimization events (0 events):
No events

Classes unloaded (0 events):
No events

Classes redefined (0 events):
No events

Internal exceptions (0 events):
No events

Events (8 events):
Event: 0.008 Loaded shared library C:\Program Files\Java\jdk-13.0.2\bin\zip.dll
Event: 0.008 Loaded shared library C:\Program Files\Java\jdk-13.0.2\bin\jimage.dll
Event: 0.009 Loading shared library C:\Program Files\Java\jdk-13.0.2\lib\libjava.base-coop.dll failed, error code 126
Event: 0.009 Loading shared library C:\Program Files\Java\jdk-13.0.2\lib\libjava.logging-coop.dll failed, error code 126
Event: 0.009 Loading shared library C:\Program Files\Java\jdk-13.0.2\lib\libjdk.compiler-coop.dll failed, error code 126
Event: 0.009 Loading shared library C:\Program Files\Java\jdk-13.0.2\lib\libjdk.scripting.nashorn-coop.dll failed, error code 126
Event: 0.009 Loading shared library C:\Program Files\Java\jdk-13.0.2\lib\libjdk.internal.vm.ci-coop.dll failed, error code 126
Event: 0.009 Loading shared library C:\Program Files\Java\jdk-13.0.2\lib\libjdk.internal.vm.compiler-coop.dll failed, error code 126


Dynamic libraries:
0x00007ff6e5cb0000 - 0x00007ff6e5cbf000 	C:\Program Files\Java\jdk-13.0.2\bin\java.exe
0x00007ffaf2660000 - 0x00007ffaf2869000 	C:\WINDOWS\SYSTEM32\ntdll.dll
0x00007ffaf1960000 - 0x00007ffaf1a1d000 	C:\WINDOWS\System32\KERNEL32.DLL
0x00007ffaefc00000 - 0x00007ffaeff74000 	C:\WINDOWS\System32\KERNELBASE.dll
0x00007ffaf0320000 - 0x00007ffaf0431000 	C:\WINDOWS\System32\ucrtbase.dll
0x00007ffae9750000 - 0x00007ffae9768000 	C:\Program Files\Java\jdk-13.0.2\bin\jli.dll
0x00007ffaebe40000 - 0x00007ffaebe55000 	C:\Program Files\Java\jdk-13.0.2\bin\VCRUNTIME140.dll
0x00007ffaf1ae0000 - 0x00007ffaf1b8e000 	C:\WINDOWS\System32\ADVAPI32.dll
0x00007ffaf1b90000 - 0x00007ffaf1c33000 	C:\WINDOWS\System32\msvcrt.dll
0x00007ffaf18c0000 - 0x00007ffaf195e000 	C:\WINDOWS\System32\sechost.dll
0x00007ffaf2500000 - 0x00007ffaf2620000 	C:\WINDOWS\System32\RPCRT4.dll
0x00007ffaf0500000 - 0x00007ffaf06ac000 	C:\WINDOWS\System32\USER32.dll
0x00007ffaefb50000 - 0x00007ffaefb76000 	C:\WINDOWS\System32\win32u.dll
0x00007ffaf06d0000 - 0x00007ffaf06f9000 	C:\WINDOWS\System32\GDI32.dll
0x00007ffad5c00000 - 0x00007ffad5ea5000 	C:\WINDOWS\WinSxS\amd64_microsoft.windows.common-controls_6595b64144ccf1df_6.0.22000.120_none_9d947278b86cc467\COMCTL32.dll
0x00007ffaefff0000 - 0x00007ffaf0102000 	C:\WINDOWS\System32\gdi32full.dll
0x00007ffaf0110000 - 0x00007ffaf01ad000 	C:\WINDOWS\System32\msvcp_win.dll
0x00007ffae8e80000 - 0x00007ffae8e8a000 	C:\WINDOWS\SYSTEM32\VERSION.dll
0x00007ffaf1160000 - 0x00007ffaf1191000 	C:\WINDOWS\System32\IMM32.DLL
0x00007ffaca720000 - 0x00007ffaca7bb000 	C:\Program Files\Java\jdk-13.0.2\bin\msvcp140.dll
0x00007ffa75010000 - 0x00007ffa75b6d000 	C:\Program Files\Java\jdk-13.0.2\bin\server\jvm.dll
0x00007ffaf17e0000 - 0x00007ffaf17e8000 	C:\WINDOWS\System32\PSAPI.DLL
0x00007ffacfda0000 - 0x00007ffacfda9000 	C:\WINDOWS\SYSTEM32\WSOCK32.dll
0x00007ffae9290000 - 0x00007ffae92c3000 	C:\WINDOWS\SYSTEM32\WINMM.dll
0x00007ffaf1c40000 - 0x00007ffaf1caf000 	C:\WINDOWS\System32\WS2_32.dll
0x00007ffaeec50000 - 0x00007ffaeec68000 	C:\WINDOWS\SYSTEM32\kernel.appcore.dll
0x00007ffaecb30000 - 0x00007ffaecb40000 	C:\Program Files\Java\jdk-13.0.2\bin\verify.dll
0x00007ffaed680000 - 0x00007ffaed8a1000 	C:\WINDOWS\SYSTEM32\DBGHELP.DLL
0x00007ffad0820000 - 0x00007ffad0851000 	C:\WINDOWS\SYSTEM32\dbgcore.DLL
0x00007ffaefb80000 - 0x00007ffaefbff000 	C:\WINDOWS\System32\bcryptPrimitives.dll
0x00007ffaea200000 - 0x00007ffaea226000 	C:\Program Files\Java\jdk-13.0.2\bin\java.dll
0x00007ffaea4d0000 - 0x00007ffaea4e7000 	C:\Program Files\Java\jdk-13.0.2\bin\zip.dll
0x00007ffaebeb0000 - 0x00007ffaebeba000 	C:\Program Files\Java\jdk-13.0.2\bin\jimage.dll

dbghelp: loaded successfully - version: 4.0.5 - missing functions: none
symbol engine: initialized successfully - sym options: 0x614 - pdb path: .;C:\Program Files\Java\jdk-13.0.2\bin;C:\WINDOWS\SYSTEM32;C:\WINDOWS\WinSxS\amd64_microsoft.windows.common-controls_6595b64144ccf1df_6.0.22000.120_none_9d947278b86cc467;C:\Program Files\Java\jdk-13.0.2\bin\server

VM Arguments:
jvm_args: -Dfile.encoding=UTF-8 
java_command: musicacademy.Front_Page
java_class_path (initial): C:\Users\misba zaidi\Downloads\mysql-connector-java-8.0.28\mysql-connector-java-8.0.28\mysql-connector-java-8.0.28.jar;C:\Users\misba zaidi\OneDrive\Documents\NetBeansProjects\musicAcademy\build\classes
Launcher Type: SUN_STANDARD

[Global flags]
     intx CICompilerCount                          = 4                                         {product} {ergonomic}
     uint ConcGCThreads                            = 2                                         {product} {ergonomic}
     uint G1ConcRefinementThreads                  = 8                                         {product} {ergonomic}
   size_t G1HeapRegionSize                         = 1048576                                   {product} {ergonomic}
    uintx GCDrainStackTargetSize                   = 64                                        {product} {ergonomic}
   size_t InitialHeapSize                          = 134217728                                 {product} {ergonomic}
   size_t MarkStackSize                            = 4194304                                   {product} {ergonomic}
   size_t MaxHeapSize                              = 2118123520                                {product} {ergonomic}
   size_t MinHeapDeltaBytes                        = 1048576                                   {product} {ergonomic}
   size_t MinHeapSize                              = 8388608                                   {product} {ergonomic}
    uintx NonNMethodCodeHeapSize                   = 5839372                                {pd product} {ergonomic}
    uintx NonProfiledCodeHeapSize                  = 122909434                              {pd product} {ergonomic}
    uintx ProfiledCodeHeapSize                     = 122909434                              {pd product} {ergonomic}
    uintx ReservedCodeCacheSize                    = 251658240                              {pd product} {ergonomic}
     bool SegmentedCodeCache                       = true                                      {product} {ergonomic}
   size_t SoftMaxHeapSize                          = 2118123520                             {manageable} {ergonomic}
     bool UseCompressedClassPointers               = true                                 {lp64_product} {ergonomic}
     bool UseCompressedOops                        = true                                 {lp64_product} {ergonomic}
     bool UseG1GC                                  = true                                      {product} {ergonomic}
     bool UseLargePagesIndividualAllocation        = false                                  {pd product} {ergonomic}

Logging:
Log output configuration:
 #0: stdout all=warning uptime,level,tags
 #1: stderr all=off uptime,level,tags

Environment Variables:
JAVA_HOME=C:\Program Files\Java\jdk-13.0.2
PATH=C:\Python27\;C:\Python27\Scripts;C:\WINDOWS\system32;C:\WINDOWS;C:\WINDOWS\System32\Wbem;C:\WINDOWS\System32\WindowsPowerShell\v1.0\;C:\WINDOWS\System32\OpenSSH\;C:\ProgramData\chocolatey\bin;C:\Program Files\Java\jdk-13.0.2\bin;C:\Program Files (x86)\nodejs\;C:\Program Files\Git\cmd;C:\Users\misba zaidi\AppData\Local\Microsoft\WindowsApps;C:\Users\misba zaidi\AppData\Local\Programs\Microsoft VS Code\bin;C:\Users\misba zaidi\AppData\Local\atom\bin;C:\Users\misba zaidi\AppData\Local\Microsoft\WindowsApps;C:\Users\misba zaidi\AppData\Roaming\npm;
USERNAME=misba zaidi
OS=Windows_NT
PROCESSOR_IDENTIFIER=Intel64 Family 6 Model 142 Stepping 12, GenuineIntel



---------------  S Y S T E M  ---------------

OS: Windows 10 , 64 bit Build 22000 (10.0.22000.434)

CPU:total 8 (initial active 8) (4 cores per cpu, 2 threads per core) family 6 model 142 stepping 12, cmov, cx8, fxsr, mmx, sse, sse2, sse3, ssse3, sse4.1, sse4.2, popcnt, avx, avx2, aes, clmul, erms, 3dnowpref, lzcnt, ht, tsc, tscinvbit, bmi1, bmi2, adx, fma

Memory: 4k page, system-wide physical 8078M (832M free)
TotalPageFile size 32654M (AvailPageFile size 132M)
current process WorkingSet (physical memory assigned to process): 10M, peak: 10M
current process commit charge ("private bytes"): 60M, peak: 188M

vm_info: Java HotSpot(TM) 64-Bit Server VM (13.0.2+8) for windows-amd64 JRE (13.0.2+8), built on Dec 11 2019 09:20:33 by "mach5one" with unknown MS VC++:1916

END.
