#
# There is insufficient memory for the Java Runtime Environment to continue.
# Native memory allocation (malloc) failed to allocate 164496 bytes for Chunk::new
# Possible reasons:
#   The system is out of physical RAM or swap space
#   The process is running with CompressedOops enabled, and the Java Heap may be blocking the growth of the native heap
# Possible solutions:
#   Reduce memory load on the system
#   Increase physical memory or swap space
#   Check if swap backing store is full
#   Decrease Java heap size (-Xmx/-Xms)
#   Decrease number of Java threads
#   Decrease Java thread stack sizes (-Xss)
#   Set larger code cache with -XX:ReservedCodeCacheSize=
#   JVM is running with Unscaled Compressed Oops mode in which the Java heap is
#     placed in the first 4GB address space. The Java Heap base address is the
#     maximum limit for the native heap growth. Please use -XX:HeapBaseMinAddress
#     to set the Java Heap base and to place the Java Heap above 4GB virtual address.
# This output file may be truncated or incomplete.
#
#  Out of Memory Error (t:/workspace/open/src/hotspot/share/memory/arena.cpp:196), pid=18040, tid=21072
#
# JRE version: Java(TM) SE Runtime Environment (13.0.2+8) (build 13.0.2+8)
# Java VM: Java HotSpot(TM) 64-Bit Server VM (13.0.2+8, mixed mode, sharing, tiered, compressed oops, g1 gc, windows-amd64)
# No core dump will be written. Minidumps are not enabled by default on client versions of Windows
#

---------------  S U M M A R Y ------------

Command Line: -Dfile.encoding=UTF-8 musicacademy.Front_Page

Host: Intel(R) Core(TM) i5-8265U CPU @ 1.60GHz, 8 cores, 7G,  Windows 10 , 64 bit Build 22000 (10.0.22000.434)
Time: Tue Feb 15 12:52:52 2022 India Standard Time elapsed time: 9 seconds (0d 0h 0m 9s)

---------------  T H R E A D  ---------------

Current thread (0x000001dd7e0fd000):  JavaThread "C2 CompilerThread0" daemon [_thread_in_native, id=21072, stack(0x000000485f200000,0x000000485f300000)]


Current CompileTask:
C2:   9147  948       4       java.util.HashMap::put (13 bytes)

Stack: [0x000000485f200000,0x000000485f300000]
Native frames: (J=compiled Java code, j=interpreted, Vv=VM code, C=native code)
V  [jvm.dll+0x624f9a]
V  [jvm.dll+0x770cfa]
V  [jvm.dll+0x7724af]
V  [jvm.dll+0x772ab3]
V  [jvm.dll+0x24bf08]
V  [jvm.dll+0xc1e47]
V  [jvm.dll+0xc23cc]
V  [jvm.dll+0x35c0c5]
V  [jvm.dll+0x327803]
V  [jvm.dll+0x326bda]
V  [jvm.dll+0x205c27]
V  [jvm.dll+0x204e3f]
V  [jvm.dll+0x189c2c]
V  [jvm.dll+0x213e6d]
V  [jvm.dll+0x2120bb]
V  [jvm.dll+0x736bb6]
V  [jvm.dll+0x72fcaa]
V  [jvm.dll+0x623ea6]
C  [ucrtbase.dll+0x26c0c]
C  [KERNEL32.DLL+0x154e0]
C  [ntdll.dll+0x485b]


---------------  P R O C E S S  ---------------

Threads class SMR info:
_java_thread_list=0x000001dd7f8852e0, length=14, elements={
0x000001dd7e0dc000, 0x000001dd7e0df800, 0x000001dd7e0f9800, 0x000001dd7e0fa800,
0x000001dd7e0fd000, 0x000001dd7e0fe000, 0x000001dd7e108000, 0x000001dd7eb40000,
0x000001dd7eb47000, 0x000001dd7ed8f800, 0x000001dd7ed63800, 0x000001dd7eda5800,
0x000001dd7f8aa800, 0x000001dd5ea4a000
}

Java Threads: ( => current thread )
  0x000001dd7e0dc000 JavaThread "Reference Handler" daemon [_thread_blocked, id=22520, stack(0x000000485ee00000,0x000000485ef00000)]
  0x000001dd7e0df800 JavaThread "Finalizer" daemon [_thread_blocked, id=7096, stack(0x000000485ef00000,0x000000485f000000)]
  0x000001dd7e0f9800 JavaThread "Signal Dispatcher" daemon [_thread_blocked, id=25084, stack(0x000000485f000000,0x000000485f100000)]
  0x000001dd7e0fa800 JavaThread "Attach Listener" daemon [_thread_blocked, id=27148, stack(0x000000485f100000,0x000000485f200000)]
=>0x000001dd7e0fd000 JavaThread "C2 CompilerThread0" daemon [_thread_in_native, id=21072, stack(0x000000485f200000,0x000000485f300000)]
  0x000001dd7e0fe000 JavaThread "C1 CompilerThread0" daemon [_thread_blocked, id=17040, stack(0x000000485f300000,0x000000485f400000)]
  0x000001dd7e108000 JavaThread "Sweeper thread" daemon [_thread_blocked, id=10652, stack(0x000000485f400000,0x000000485f500000)]
  0x000001dd7eb40000 JavaThread "Service Thread" daemon [_thread_blocked, id=27144, stack(0x000000485f500000,0x000000485f600000)]
  0x000001dd7eb47000 JavaThread "Common-Cleaner" daemon [_thread_blocked, id=27408, stack(0x000000485f700000,0x000000485f800000)]
  0x000001dd7ed8f800 JavaThread "Java2D Disposer" daemon [_thread_blocked, id=26212, stack(0x000000485f800000,0x000000485f900000)]
  0x000001dd7ed63800 JavaThread "AWT-Shutdown" [_thread_blocked, id=8344, stack(0x000000485f900000,0x000000485fa00000)]
  0x000001dd7eda5800 JavaThread "AWT-Windows" daemon [_thread_in_native, id=20824, stack(0x000000485fa00000,0x000000485fb00000)]
  0x000001dd7f8aa800 JavaThread "AWT-EventQueue-0" [_thread_blocked, id=3464, stack(0x000000485fc00000,0x000000485fd00000)]
  0x000001dd5ea4a000 JavaThread "DestroyJavaVM" [_thread_blocked, id=23948, stack(0x000000485e700000,0x000000485e800000)]

Other Threads:
  0x000001dd7e0da800 VMThread "VM Thread" [stack: 0x000000485ed00000,0x000000485ee00000] [id=26060]
  0x000001dd7eb41000 WatcherThread [stack: 0x000000485f600000,0x000000485f700000] [id=14788]
  0x000001dd5ea8e800 GCTaskThread "GC Thread#0" [stack: 0x000000485e800000,0x000000485e900000] [id=25428]
  0x000001dd5eaa0000 ConcurrentGCThread "G1 Main Marker" [stack: 0x000000485e900000,0x000000485ea00000] [id=13576]
  0x000001dd5eaa1000 ConcurrentGCThread "G1 Conc#0" [stack: 0x000000485ea00000,0x000000485eb00000] [id=5340]
  0x000001dd5eb2e800 ConcurrentGCThread "G1 Refine#0" [stack: 0x000000485eb00000,0x000000485ec00000] [id=26256]
  0x000001dd7df5a800 ConcurrentGCThread "G1 Young RemSet Sampling" [stack: 0x000000485ec00000,0x000000485ed00000] [id=3852]

Threads with active compile tasks:
C2 CompilerThread0     9179  948       4       java.util.HashMap::put (13 bytes)

VM state:not at safepoint (normal execution)

VM Mutex/Monitor currently owned by a thread: None

Heap address: 0x0000000081c00000, size: 2020 MB, Compressed Oops mode: 32-bit
Narrow klass base: 0x0000000800000000, Narrow klass shift: 3
Compressed class space size: 1073741824 Address: 0x0000000800b40000

Heap:
 garbage-first heap   total 131072K, used 24576K [0x0000000081c00000, 0x0000000100000000)
  region size 1024K, 12 young (12288K), 0 survivors (0K)
 Metaspace       used 7561K, capacity 7770K, committed 7936K, reserved 1056768K
  class space    used 809K, capacity 898K, committed 1024K, reserved 1048576K
Heap Regions: E=young(eden), S=young(survivor), O=old, HS=humongous(starts), HC=humongous(continues), CS=collection set, F=free, A=archive, TAMS=top-at-mark-start (previous, next)
|   0|0x0000000081c00000, 0x0000000081d00000, 0x0000000081d00000|100%|HS|  |TAMS 0x0000000081c00000, 0x0000000081c00000| Complete 
|   1|0x0000000081d00000, 0x0000000081e00000, 0x0000000081e00000|100%|HS|  |TAMS 0x0000000081d00000, 0x0000000081d00000| Complete 
|   2|0x0000000081e00000, 0x0000000081f00000, 0x0000000081f00000|100%|HC|  |TAMS 0x0000000081e00000, 0x0000000081e00000| Complete 
|   3|0x0000000081f00000, 0x0000000082000000, 0x0000000082000000|100%|HC|  |TAMS 0x0000000081f00000, 0x0000000081f00000| Complete 
|   4|0x0000000082000000, 0x0000000082100000, 0x0000000082100000|100%|HC|  |TAMS 0x0000000082000000, 0x0000000082000000| Complete 
|   5|0x0000000082100000, 0x0000000082200000, 0x0000000082200000|100%|HS|  |TAMS 0x0000000082100000, 0x0000000082100000| Complete 
|   6|0x0000000082200000, 0x0000000082300000, 0x0000000082300000|100%|HC|  |TAMS 0x0000000082200000, 0x0000000082200000| Complete 
|   7|0x0000000082300000, 0x0000000082400000, 0x0000000082400000|100%|HC|  |TAMS 0x0000000082300000, 0x0000000082300000| Complete 
|   8|0x0000000082400000, 0x0000000082500000, 0x0000000082500000|100%|HC|  |TAMS 0x0000000082400000, 0x0000000082400000| Complete 
|   9|0x0000000082500000, 0x0000000082600000, 0x0000000082600000|100%|HC|  |TAMS 0x0000000082500000, 0x0000000082500000| Complete 
|  10|0x0000000082600000, 0x0000000082700000, 0x0000000082700000|100%|HC|  |TAMS 0x0000000082600000, 0x0000000082600000| Complete 
|  11|0x0000000082700000, 0x0000000082800000, 0x0000000082800000|100%|HC|  |TAMS 0x0000000082700000, 0x0000000082700000| Complete 
|  12|0x0000000082800000, 0x0000000082900000, 0x0000000082900000|100%|HC|  |TAMS 0x0000000082800000, 0x0000000082800000| Complete 
|  13|0x0000000082900000, 0x0000000082900000, 0x0000000082a00000|  0%| F|  |TAMS 0x0000000082900000, 0x0000000082900000| Untracked 
|  14|0x0000000082a00000, 0x0000000082a00000, 0x0000000082b00000|  0%| F|  |TAMS 0x0000000082a00000, 0x0000000082a00000| Untracked 
|  15|0x0000000082b00000, 0x0000000082b00000, 0x0000000082c00000|  0%| F|  |TAMS 0x0000000082b00000, 0x0000000082b00000| Untracked 
|  16|0x0000000082c00000, 0x0000000082c00000, 0x0000000082d00000|  0%| F|  |TAMS 0x0000000082c00000, 0x0000000082c00000| Untracked 
|  17|0x0000000082d00000, 0x0000000082d00000, 0x0000000082e00000|  0%| F|  |TAMS 0x0000000082d00000, 0x0000000082d00000| Untracked 
|  18|0x0000000082e00000, 0x0000000082e00000, 0x0000000082f00000|  0%| F|  |TAMS 0x0000000082e00000, 0x0000000082e00000| Untracked 
|  19|0x0000000082f00000, 0x0000000082f00000, 0x0000000083000000|  0%| F|  |TAMS 0x0000000082f00000, 0x0000000082f00000| Untracked 
|  20|0x0000000083000000, 0x0000000083000000, 0x0000000083100000|  0%| F|  |TAMS 0x0000000083000000, 0x0000000083000000| Untracked 
|  21|0x0000000083100000, 0x0000000083100000, 0x0000000083200000|  0%| F|  |TAMS 0x0000000083100000, 0x0000000083100000| Untracked 
|  22|0x0000000083200000, 0x0000000083200000, 0x0000000083300000|  0%| F|  |TAMS 0x0000000083200000, 0x0000000083200000| Untracked 
|  23|0x0000000083300000, 0x0000000083300000, 0x0000000083400000|  0%| F|  |TAMS 0x0000000083300000, 0x0000000083300000| Untracked 
|  24|0x0000000083400000, 0x0000000083400000, 0x0000000083500000|  0%| F|  |TAMS 0x0000000083400000, 0x0000000083400000| Untracked 
|  25|0x0000000083500000, 0x0000000083500000, 0x0000000083600000|  0%| F|  |TAMS 0x0000000083500000, 0x0000000083500000| Untracked 
|  26|0x0000000083600000, 0x0000000083600000, 0x0000000083700000|  0%| F|  |TAMS 0x0000000083600000, 0x0000000083600000| Untracked 
|  27|0x0000000083700000, 0x0000000083700000, 0x0000000083800000|  0%| F|  |TAMS 0x0000000083700000, 0x0000000083700000| Untracked 
|  28|0x0000000083800000, 0x0000000083800000, 0x0000000083900000|  0%| F|  |TAMS 0x0000000083800000, 0x0000000083800000| Untracked 
|  29|0x0000000083900000, 0x0000000083900000, 0x0000000083a00000|  0%| F|  |TAMS 0x0000000083900000, 0x0000000083900000| Untracked 
|  30|0x0000000083a00000, 0x0000000083a00000, 0x0000000083b00000|  0%| F|  |TAMS 0x0000000083a00000, 0x0000000083a00000| Untracked 
|  31|0x0000000083b00000, 0x0000000083b00000, 0x0000000083c00000|  0%| F|  |TAMS 0x0000000083b00000, 0x0000000083b00000| Untracked 
|  32|0x0000000083c00000, 0x0000000083c00000, 0x0000000083d00000|  0%| F|  |TAMS 0x0000000083c00000, 0x0000000083c00000| Untracked 
|  33|0x0000000083d00000, 0x0000000083d00000, 0x0000000083e00000|  0%| F|  |TAMS 0x0000000083d00000, 0x0000000083d00000| Untracked 
|  34|0x0000000083e00000, 0x0000000083e00000, 0x0000000083f00000|  0%| F|  |TAMS 0x0000000083e00000, 0x0000000083e00000| Untracked 
|  35|0x0000000083f00000, 0x0000000083f00000, 0x0000000084000000|  0%| F|  |TAMS 0x0000000083f00000, 0x0000000083f00000| Untracked 
|  36|0x0000000084000000, 0x0000000084000000, 0x0000000084100000|  0%| F|  |TAMS 0x0000000084000000, 0x0000000084000000| Untracked 
|  37|0x0000000084100000, 0x0000000084100000, 0x0000000084200000|  0%| F|  |TAMS 0x0000000084100000, 0x0000000084100000| Untracked 
|  38|0x0000000084200000, 0x0000000084200000, 0x0000000084300000|  0%| F|  |TAMS 0x0000000084200000, 0x0000000084200000| Untracked 
|  39|0x0000000084300000, 0x0000000084300000, 0x0000000084400000|  0%| F|  |TAMS 0x0000000084300000, 0x0000000084300000| Untracked 
|  40|0x0000000084400000, 0x0000000084400000, 0x0000000084500000|  0%| F|  |TAMS 0x0000000084400000, 0x0000000084400000| Untracked 
|  41|0x0000000084500000, 0x0000000084500000, 0x0000000084600000|  0%| F|  |TAMS 0x0000000084500000, 0x0000000084500000| Untracked 
|  42|0x0000000084600000, 0x0000000084600000, 0x0000000084700000|  0%| F|  |TAMS 0x0000000084600000, 0x0000000084600000| Untracked 
|  43|0x0000000084700000, 0x0000000084700000, 0x0000000084800000|  0%| F|  |TAMS 0x0000000084700000, 0x0000000084700000| Untracked 
|  44|0x0000000084800000, 0x0000000084800000, 0x0000000084900000|  0%| F|  |TAMS 0x0000000084800000, 0x0000000084800000| Untracked 
|  45|0x0000000084900000, 0x0000000084900000, 0x0000000084a00000|  0%| F|  |TAMS 0x0000000084900000, 0x0000000084900000| Untracked 
|  46|0x0000000084a00000, 0x0000000084a00000, 0x0000000084b00000|  0%| F|  |TAMS 0x0000000084a00000, 0x0000000084a00000| Untracked 
|  47|0x0000000084b00000, 0x0000000084b00000, 0x0000000084c00000|  0%| F|  |TAMS 0x0000000084b00000, 0x0000000084b00000| Untracked 
|  48|0x0000000084c00000, 0x0000000084c00000, 0x0000000084d00000|  0%| F|  |TAMS 0x0000000084c00000, 0x0000000084c00000| Untracked 
|  49|0x0000000084d00000, 0x0000000084d00000, 0x0000000084e00000|  0%| F|  |TAMS 0x0000000084d00000, 0x0000000084d00000| Untracked 
|  50|0x0000000084e00000, 0x0000000084e00000, 0x0000000084f00000|  0%| F|  |TAMS 0x0000000084e00000, 0x0000000084e00000| Untracked 
|  51|0x0000000084f00000, 0x0000000084f00000, 0x0000000085000000|  0%| F|  |TAMS 0x0000000084f00000, 0x0000000084f00000| Untracked 
|  52|0x0000000085000000, 0x0000000085000000, 0x0000000085100000|  0%| F|  |TAMS 0x0000000085000000, 0x0000000085000000| Untracked 
|  53|0x0000000085100000, 0x0000000085100000, 0x0000000085200000|  0%| F|  |TAMS 0x0000000085100000, 0x0000000085100000| Untracked 
|  54|0x0000000085200000, 0x0000000085200000, 0x0000000085300000|  0%| F|  |TAMS 0x0000000085200000, 0x0000000085200000| Untracked 
|  55|0x0000000085300000, 0x0000000085300000, 0x0000000085400000|  0%| F|  |TAMS 0x0000000085300000, 0x0000000085300000| Untracked 
|  56|0x0000000085400000, 0x0000000085400000, 0x0000000085500000|  0%| F|  |TAMS 0x0000000085400000, 0x0000000085400000| Untracked 
|  57|0x0000000085500000, 0x0000000085500000, 0x0000000085600000|  0%| F|  |TAMS 0x0000000085500000, 0x0000000085500000| Untracked 
|  58|0x0000000085600000, 0x0000000085600000, 0x0000000085700000|  0%| F|  |TAMS 0x0000000085600000, 0x0000000085600000| Untracked 
|  59|0x0000000085700000, 0x0000000085700000, 0x0000000085800000|  0%| F|  |TAMS 0x0000000085700000, 0x0000000085700000| Untracked 
|  60|0x0000000085800000, 0x0000000085800000, 0x0000000085900000|  0%| F|  |TAMS 0x0000000085800000, 0x0000000085800000| Untracked 
|  61|0x0000000085900000, 0x0000000085900000, 0x0000000085a00000|  0%| F|  |TAMS 0x0000000085900000, 0x0000000085900000| Untracked 
|  62|0x0000000085a00000, 0x0000000085a00000, 0x0000000085b00000|  0%| F|  |TAMS 0x0000000085a00000, 0x0000000085a00000| Untracked 
|  63|0x0000000085b00000, 0x0000000085b00000, 0x0000000085c00000|  0%| F|  |TAMS 0x0000000085b00000, 0x0000000085b00000| Untracked 
|  64|0x0000000085c00000, 0x0000000085c00000, 0x0000000085d00000|  0%| F|  |TAMS 0x0000000085c00000, 0x0000000085c00000| Untracked 
|  65|0x0000000085d00000, 0x0000000085d00000, 0x0000000085e00000|  0%| F|  |TAMS 0x0000000085d00000, 0x0000000085d00000| Untracked 
|  66|0x0000000085e00000, 0x0000000085e00000, 0x0000000085f00000|  0%| F|  |TAMS 0x0000000085e00000, 0x0000000085e00000| Untracked 
|  67|0x0000000085f00000, 0x0000000085f00000, 0x0000000086000000|  0%| F|  |TAMS 0x0000000085f00000, 0x0000000085f00000| Untracked 
|  68|0x0000000086000000, 0x0000000086000000, 0x0000000086100000|  0%| F|  |TAMS 0x0000000086000000, 0x0000000086000000| Untracked 
|  69|0x0000000086100000, 0x0000000086100000, 0x0000000086200000|  0%| F|  |TAMS 0x0000000086100000, 0x0000000086100000| Untracked 
|  70|0x0000000086200000, 0x0000000086200000, 0x0000000086300000|  0%| F|  |TAMS 0x0000000086200000, 0x0000000086200000| Untracked 
|  71|0x0000000086300000, 0x0000000086300000, 0x0000000086400000|  0%| F|  |TAMS 0x0000000086300000, 0x0000000086300000| Untracked 
|  72|0x0000000086400000, 0x0000000086400000, 0x0000000086500000|  0%| F|  |TAMS 0x0000000086400000, 0x0000000086400000| Untracked 
|  73|0x0000000086500000, 0x0000000086500000, 0x0000000086600000|  0%| F|  |TAMS 0x0000000086500000, 0x0000000086500000| Untracked 
|  74|0x0000000086600000, 0x0000000086600000, 0x0000000086700000|  0%| F|  |TAMS 0x0000000086600000, 0x0000000086600000| Untracked 
|  75|0x0000000086700000, 0x0000000086700000, 0x0000000086800000|  0%| F|  |TAMS 0x0000000086700000, 0x0000000086700000| Untracked 
|  76|0x0000000086800000, 0x0000000086800000, 0x0000000086900000|  0%| F|  |TAMS 0x0000000086800000, 0x0000000086800000| Untracked 
|  77|0x0000000086900000, 0x0000000086900000, 0x0000000086a00000|  0%| F|  |TAMS 0x0000000086900000, 0x0000000086900000| Untracked 
|  78|0x0000000086a00000, 0x0000000086a00000, 0x0000000086b00000|  0%| F|  |TAMS 0x0000000086a00000, 0x0000000086a00000| Untracked 
|  79|0x0000000086b00000, 0x0000000086b00000, 0x0000000086c00000|  0%| F|  |TAMS 0x0000000086b00000, 0x0000000086b00000| Untracked 
|  80|0x0000000086c00000, 0x0000000086c00000, 0x0000000086d00000|  0%| F|  |TAMS 0x0000000086c00000, 0x0000000086c00000| Untracked 
|  81|0x0000000086d00000, 0x0000000086d00000, 0x0000000086e00000|  0%| F|  |TAMS 0x0000000086d00000, 0x0000000086d00000| Untracked 
|  82|0x0000000086e00000, 0x0000000086e00000, 0x0000000086f00000|  0%| F|  |TAMS 0x0000000086e00000, 0x0000000086e00000| Untracked 
|  83|0x0000000086f00000, 0x0000000086f00000, 0x0000000087000000|  0%| F|  |TAMS 0x0000000086f00000, 0x0000000086f00000| Untracked 
|  84|0x0000000087000000, 0x0000000087000000, 0x0000000087100000|  0%| F|  |TAMS 0x0000000087000000, 0x0000000087000000| Untracked 
|  85|0x0000000087100000, 0x0000000087100000, 0x0000000087200000|  0%| F|  |TAMS 0x0000000087100000, 0x0000000087100000| Untracked 
|  86|0x0000000087200000, 0x0000000087200000, 0x0000000087300000|  0%| F|  |TAMS 0x0000000087200000, 0x0000000087200000| Untracked 
|  87|0x0000000087300000, 0x0000000087300000, 0x0000000087400000|  0%| F|  |TAMS 0x0000000087300000, 0x0000000087300000| Untracked 
|  88|0x0000000087400000, 0x0000000087400000, 0x0000000087500000|  0%| F|  |TAMS 0x0000000087400000, 0x0000000087400000| Untracked 
|  89|0x0000000087500000, 0x0000000087500000, 0x0000000087600000|  0%| F|  |TAMS 0x0000000087500000, 0x0000000087500000| Untracked 
|  90|0x0000000087600000, 0x0000000087600000, 0x0000000087700000|  0%| F|  |TAMS 0x0000000087600000, 0x0000000087600000| Untracked 
|  91|0x0000000087700000, 0x0000000087700000, 0x0000000087800000|  0%| F|  |TAMS 0x0000000087700000, 0x0000000087700000| Untracked 
|  92|0x0000000087800000, 0x0000000087800000, 0x0000000087900000|  0%| F|  |TAMS 0x0000000087800000, 0x0000000087800000| Untracked 
|  93|0x0000000087900000, 0x0000000087900000, 0x0000000087a00000|  0%| F|  |TAMS 0x0000000087900000, 0x0000000087900000| Untracked 
|  94|0x0000000087a00000, 0x0000000087a00000, 0x0000000087b00000|  0%| F|  |TAMS 0x0000000087a00000, 0x0000000087a00000| Untracked 
|  95|0x0000000087b00000, 0x0000000087b00000, 0x0000000087c00000|  0%| F|  |TAMS 0x0000000087b00000, 0x0000000087b00000| Untracked 
|  96|0x0000000087c00000, 0x0000000087c00000, 0x0000000087d00000|  0%| F|  |TAMS 0x0000000087c00000, 0x0000000087c00000| Untracked 
|  97|0x0000000087d00000, 0x0000000087d00000, 0x0000000087e00000|  0%| F|  |TAMS 0x0000000087d00000, 0x0000000087d00000| Untracked 
|  98|0x0000000087e00000, 0x0000000087e00000, 0x0000000087f00000|  0%| F|  |TAMS 0x0000000087e00000, 0x0000000087e00000| Untracked 
|  99|0x0000000087f00000, 0x0000000087f00000, 0x0000000088000000|  0%| F|  |TAMS 0x0000000087f00000, 0x0000000087f00000| Untracked 
| 100|0x0000000088000000, 0x0000000088000000, 0x0000000088100000|  0%| F|  |TAMS 0x0000000088000000, 0x0000000088000000| Untracked 
| 101|0x0000000088100000, 0x0000000088100000, 0x0000000088200000|  0%| F|  |TAMS 0x0000000088100000, 0x0000000088100000| Untracked 
| 102|0x0000000088200000, 0x0000000088200000, 0x0000000088300000|  0%| F|  |TAMS 0x0000000088200000, 0x0000000088200000| Untracked 
| 103|0x0000000088300000, 0x0000000088300000, 0x0000000088400000|  0%| F|  |TAMS 0x0000000088300000, 0x0000000088300000| Untracked 
| 104|0x0000000088400000, 0x0000000088400000, 0x0000000088500000|  0%| F|  |TAMS 0x0000000088400000, 0x0000000088400000| Untracked 
| 105|0x0000000088500000, 0x0000000088500000, 0x0000000088600000|  0%| F|  |TAMS 0x0000000088500000, 0x0000000088500000| Untracked 
| 106|0x0000000088600000, 0x0000000088600000, 0x0000000088700000|  0%| F|  |TAMS 0x0000000088600000, 0x0000000088600000| Untracked 
| 107|0x0000000088700000, 0x0000000088700000, 0x0000000088800000|  0%| F|  |TAMS 0x0000000088700000, 0x0000000088700000| Untracked 
| 108|0x0000000088800000, 0x0000000088800000, 0x0000000088900000|  0%| F|  |TAMS 0x0000000088800000, 0x0000000088800000| Untracked 
| 109|0x0000000088900000, 0x0000000088900000, 0x0000000088a00000|  0%| F|  |TAMS 0x0000000088900000, 0x0000000088900000| Untracked 
| 110|0x0000000088a00000, 0x0000000088a00000, 0x0000000088b00000|  0%| F|  |TAMS 0x0000000088a00000, 0x0000000088a00000| Untracked 
| 111|0x0000000088b00000, 0x0000000088b00000, 0x0000000088c00000|  0%| F|  |TAMS 0x0000000088b00000, 0x0000000088b00000| Untracked 
| 112|0x0000000088c00000, 0x0000000088c00000, 0x0000000088d00000|  0%| F|  |TAMS 0x0000000088c00000, 0x0000000088c00000| Untracked 
| 113|0x0000000088d00000, 0x0000000088d00000, 0x0000000088e00000|  0%| F|  |TAMS 0x0000000088d00000, 0x0000000088d00000| Untracked 
| 114|0x0000000088e00000, 0x0000000088e00000, 0x0000000088f00000|  0%| F|  |TAMS 0x0000000088e00000, 0x0000000088e00000| Untracked 
| 115|0x0000000088f00000, 0x0000000088f00000, 0x0000000089000000|  0%| F|  |TAMS 0x0000000088f00000, 0x0000000088f00000| Untracked 
| 116|0x0000000089000000, 0x00000000890f97b0, 0x0000000089100000| 97%| E|  |TAMS 0x0000000089000000, 0x0000000089000000| Complete 
| 117|0x0000000089100000, 0x0000000089200000, 0x0000000089200000|100%| E|CS|TAMS 0x0000000089100000, 0x0000000089100000| Complete 
| 118|0x0000000089200000, 0x0000000089300000, 0x0000000089300000|100%| E|CS|TAMS 0x0000000089200000, 0x0000000089200000| Complete 
| 119|0x0000000089300000, 0x0000000089400000, 0x0000000089400000|100%| E|CS|TAMS 0x0000000089300000, 0x0000000089300000| Complete 
| 120|0x0000000089400000, 0x0000000089500000, 0x0000000089500000|100%| E|CS|TAMS 0x0000000089400000, 0x0000000089400000| Complete 
| 121|0x0000000089500000, 0x0000000089600000, 0x0000000089600000|100%| E|CS|TAMS 0x0000000089500000, 0x0000000089500000| Complete 
| 122|0x0000000089600000, 0x0000000089700000, 0x0000000089700000|100%| E|CS|TAMS 0x0000000089600000, 0x0000000089600000| Complete 
| 123|0x0000000089700000, 0x0000000089800000, 0x0000000089800000|100%| E|CS|TAMS 0x0000000089700000, 0x0000000089700000| Complete 
| 124|0x0000000089800000, 0x0000000089900000, 0x0000000089900000|100%| E|CS|TAMS 0x0000000089800000, 0x0000000089800000| Complete 
| 125|0x0000000089900000, 0x0000000089a00000, 0x0000000089a00000|100%| E|CS|TAMS 0x0000000089900000, 0x0000000089900000| Complete 
| 126|0x0000000089a00000, 0x0000000089b00000, 0x0000000089b00000|100%| E|CS|TAMS 0x0000000089a00000, 0x0000000089a00000| Complete 
| 127|0x0000000089b00000, 0x0000000089c00000, 0x0000000089c00000|100%| E|CS|TAMS 0x0000000089b00000, 0x0000000089b00000| Complete 

Card table byte_map: [0x000001dd76f10000,0x000001dd77310000] _byte_map_base: 0x000001dd76b02000

Marking Bits (Prev, Next): (CMBitMap*) 0x000001dd5ea8f2a8, (CMBitMap*) 0x000001dd5ea8f2e8
 Prev Bits: [0x000001dd77710000, 0x000001dd796a0000)
 Next Bits: [0x000001dd796a0000, 0x000001dd7b630000)

Polling page: 0x000001dd5d1e0000

Metaspace:

Usage:
  Non-class:      6.71 MB capacity,     6.59 MB ( 98%) used,   101.59 KB (  1%) free+waste,    18.69 KB ( <1%) overhead. 
      Class:    898.00 KB capacity,   809.73 KB ( 90%) used,    75.83 KB (  8%) free+waste,    12.44 KB (  1%) overhead. 
       Both:      7.59 MB capacity,     7.38 MB ( 97%) used,   177.42 KB (  2%) free+waste,    31.13 KB ( <1%) overhead. 

Virtual space:
  Non-class space:        8.00 MB reserved,       6.75 MB ( 84%) committed 
      Class space:        1.00 GB reserved,       1.00 MB ( <1%) committed 
             Both:        1.01 GB reserved,       7.75 MB ( <1%) committed 

Chunk freelists:
   Non-Class:  40.00 KB
       Class:  30.00 KB
        Both:  70.00 KB

MaxMetaspaceSize: 17179869184.00 GB
CompressedClassSpaceSize: 1.00 GB

CodeHeap 'non-profiled nmethods': size=120000Kb used=253Kb max_used=253Kb free=119747Kb
 bounds [0x000001dd6ea30000, 0x000001dd6eca0000, 0x000001dd75f60000]
CodeHeap 'profiled nmethods': size=120000Kb used=1709Kb max_used=1709Kb free=118290Kb
 bounds [0x000001dd67500000, 0x000001dd67770000, 0x000001dd6ea30000]
CodeHeap 'non-nmethods': size=5760Kb used=1288Kb max_used=1301Kb free=4472Kb
 bounds [0x000001dd66f60000, 0x000001dd671d0000, 0x000001dd67500000]
 total_blobs=1916 nmethods=946 adapters=481
 compilation: enabled
              stopped_count=0, restarted_count=0
 full_count=0

Compilation events (20 events):
Event: 8.779 Thread 0x000001dd7e0fe000 nmethod 935 0x000001dd676a4c10 code [0x000001dd676a4e00, 0x000001dd676a51c0]
Event: 8.779 Thread 0x000001dd7e0fe000  936       3       sun.awt.AWTAccessor::getEventQueueAccessor (18 bytes)
Event: 8.779 Thread 0x000001dd7e0fe000 nmethod 936 0x000001dd676a5390 code [0x000001dd676a5560, 0x000001dd676a57d0]
Event: 8.779 Thread 0x000001dd7e0fe000  937       3       java.awt.EventQueue$2::wakeup (6 bytes)
Event: 8.780 Thread 0x000001dd7e0fe000 nmethod 937 0x000001dd676a5890 code [0x000001dd676a5a40, 0x000001dd676a5c10]
Event: 8.780 Thread 0x000001dd7e0fe000  938   !   3       java.awt.EventQueue::wakeup (79 bytes)
Event: 8.781 Thread 0x000001dd7e0fe000 nmethod 938 0x000001dd676a5d10 code [0x000001dd676a5f60, 0x000001dd676a6800]
Event: 9.081 Thread 0x000001dd7e0fe000  939   !   3       sun.awt.AWTAutoShutdown::getPeer (43 bytes)
Event: 9.082 Thread 0x000001dd7e0fe000 nmethod 939 0x000001dd676a6c10 code [0x000001dd676a6de0, 0x000001dd676a73d0]
Event: 9.088 Thread 0x000001dd7e0fe000  940   !   3       sun.awt.GlobalCursorManager::_updateCursor (165 bytes)
Event: 9.092 Thread 0x000001dd7e0fe000 nmethod 940 0x000001dd676a7610 code [0x000001dd676a7960, 0x000001dd676a9280]
Event: 9.092 Thread 0x000001dd7e0fe000  943       3       java.awt.Container$1::findComponentAt (9 bytes)
Event: 9.092 Thread 0x000001dd7e0fe000 nmethod 943 0x000001dd676a9c10 code [0x000001dd676a9dc0, 0x000001dd676a9f90]
Event: 9.093 Thread 0x000001dd7e0fe000  944   !   3       java.awt.Container::findComponentAt (42 bytes)
Event: 9.093 Thread 0x000001dd7e0fe000 nmethod 944 0x000001dd676aa090 code [0x000001dd676aa260, 0x000001dd676aa800]
Event: 9.093 Thread 0x000001dd7e0fe000  945       3       java.awt.Component$1::getCursor (5 bytes)
Event: 9.094 Thread 0x000001dd7e0fe000 nmethod 945 0x000001dd676aa990 code [0x000001dd676aab80, 0x000001dd676aaf70]
Event: 9.118 Thread 0x000001dd7e0fd000  947       4       jdk.internal.logger.SurrogateLogger::defaultPlatformLevel (4 bytes)
Event: 9.119 Thread 0x000001dd7e0fd000 nmethod 947 0x000001dd6ea6f110 code [0x000001dd6ea6f2a0, 0x000001dd6ea6f318]
Event: 9.130 Thread 0x000001dd7e0fd000  948       4       java.util.HashMap::put (13 bytes)

GC Heap History (0 events):
No events

Deoptimization events (20 events):
Event: 0.271 Thread 0x000001dd7ee27800 DEOPT PACKING pc=0x000001dd676014d6 sp=0x000000485fbfe3d0
Event: 0.271 Thread 0x000001dd7ee27800 DEOPT UNPACKING pc=0x000001dd66fa964e sp=0x000000485fbfd860 mode 0
Event: 0.271 Thread 0x000001dd7ee27800 DEOPT PACKING pc=0x000001dd676014d6 sp=0x000000485fbfe3d0
Event: 0.271 Thread 0x000001dd7ee27800 DEOPT UNPACKING pc=0x000001dd66fa964e sp=0x000000485fbfd860 mode 0
Event: 0.271 Thread 0x000001dd7ee27800 DEOPT PACKING pc=0x000001dd676014d6 sp=0x000000485fbfe3d0
Event: 0.271 Thread 0x000001dd7ee27800 DEOPT UNPACKING pc=0x000001dd66fa964e sp=0x000000485fbfd860 mode 0
Event: 0.271 Thread 0x000001dd7ee27800 DEOPT PACKING pc=0x000001dd676014d6 sp=0x000000485fbfe3d0
Event: 0.271 Thread 0x000001dd7ee27800 DEOPT UNPACKING pc=0x000001dd66fa964e sp=0x000000485fbfd860 mode 0
Event: 0.271 Thread 0x000001dd7ee27800 DEOPT PACKING pc=0x000001dd676014d6 sp=0x000000485fbfe3d0
Event: 0.271 Thread 0x000001dd7ee27800 DEOPT UNPACKING pc=0x000001dd66fa964e sp=0x000000485fbfd860 mode 0
Event: 0.271 Thread 0x000001dd7ee27800 DEOPT PACKING pc=0x000001dd676014d6 sp=0x000000485fbfe3d0
Event: 0.271 Thread 0x000001dd7ee27800 DEOPT UNPACKING pc=0x000001dd66fa964e sp=0x000000485fbfd860 mode 0
Event: 0.305 Thread 0x000001dd5ea4a000 Uncommon trap: trap_request=0xffffff45 fr.pc=0x000001dd6ea52648 relative=0x00000000000002a8
Event: 0.305 Thread 0x000001dd5ea4a000 Uncommon trap: reason=unstable_if action=reinterpret pc=0x000001dd6ea52648 method=java.lang.StringUTF16.compress([CI[BII)I @ 20 c2
Event: 0.305 Thread 0x000001dd5ea4a000 DEOPT PACKING pc=0x000001dd6ea52648 sp=0x000000485e7fd200
Event: 0.305 Thread 0x000001dd5ea4a000 DEOPT UNPACKING pc=0x000001dd66fa912f sp=0x000000485e7fd180 mode 2
Event: 0.372 Thread 0x000001dd7f8aa800 Uncommon trap: trap_request=0xffffff45 fr.pc=0x000001dd6ea5c144 relative=0x00000000000007e4
Event: 0.372 Thread 0x000001dd7f8aa800 Uncommon trap: reason=unstable_if action=reinterpret pc=0x000001dd6ea5c144 method=java.util.HashMap.putVal(ILjava/lang/Object;Ljava/lang/Object;ZZ)Ljava/lang/Object; @ 181 c2
Event: 0.372 Thread 0x000001dd7f8aa800 DEOPT PACKING pc=0x000001dd6ea5c144 sp=0x000000485fcfd010
Event: 0.372 Thread 0x000001dd7f8aa800 DEOPT UNPACKING pc=0x000001dd66fa912f sp=0x000000485fcfcfb0 mode 2

Classes unloaded (0 events):
No events

Classes redefined (0 events):
No events

Internal exceptions (12 events):
Event: 0.079 Thread 0x000001dd5ea4a000 Exception <a 'java/lang/ClassNotFoundException'{0x0000000089a75300}: sun/awt/resources/spi/awtProvider> (0x0000000089a75300) 
thrown [t:/workspace/open/src/hotspot/share/classfile/systemDictionary.cpp, line 232]
Event: 0.102 Thread 0x000001dd5ea4a000 Exception <a 'java/io/FileNotFoundException'{0x0000000089acab80}> (0x0000000089acab80) 
thrown [t:/workspace/open/src/hotspot/share/prims/jni.cpp, line 598]
Event: 0.109 Thread 0x000001dd5ea4a000 Exception <a 'java/io/FileNotFoundException'{0x0000000089af1110}> (0x0000000089af1110) 
thrown [t:/workspace/open/src/hotspot/share/prims/jni.cpp, line 598]
Event: 0.150 Thread 0x000001dd7eda5800 Exception <a 'java/lang/NoSuchMethodError'{0x0000000089980550}: 'void java.lang.invoke.DirectMethodHandle$Holder.invokeSpecial(java.lang.Object, java.lang.Object)'> (0x0000000089980550) 
thrown [t:/workspace/open/src/hotspot/share/interpreter/linkResolver.cpp, line 767]
Event: 0.174 Thread 0x000001dd5ea4a000 Exception <a 'java/lang/NoSuchMethodError'{0x000000008981df38}: 'java.lang.Object java.lang.invoke.DirectMethodHandle$Holder.invokeStatic(java.lang.Object, int, java.lang.Object, java.lang.Object, java.lang.Object, java.lang.Object)'> (0x000000008981df38) 
thrown [t:/workspace/open/src/hotspot/share/interpreter/linkResolver.cpp, line 767]
Event: 0.175 Thread 0x000001dd5ea4a000 Exception <a 'java/lang/NoSuchMethodError'{0x0000000089824898}: 'java.lang.Object java.lang.invoke.DirectMethodHandle$Holder.invokeStatic(java.lang.Object, int, java.lang.Object, java.lang.Object, java.lang.Object)'> (0x0000000089824898) 
thrown [t:/workspace/open/src/hotspot/share/interpreter/linkResolver.cpp, line 767]
Event: 0.175 Thread 0x000001dd5ea4a000 Exception <a 'java/lang/NoSuchMethodError'{0x0000000089828100}: 'java.lang.Object java.lang.invoke.DirectMethodHandle$Holder.invokeSpecial(java.lang.Object, java.lang.Object, int, java.lang.Object, java.lang.Object, java.lang.Object)'> (0x0000000089828100) 
thrown [t:/workspace/open/src/hotspot/share/interpreter/linkResolver.cpp, line 767]
Event: 0.177 Thread 0x000001dd5ea4a000 Exception <a 'java/lang/NoSuchMethodError'{0x000000008983e428}: 'java.lang.Object java.lang.invoke.DirectMethodHandle$Holder.invokeStatic(java.lang.Object, int, java.lang.Object)'> (0x000000008983e428) 
thrown [t:/workspace/open/src/hotspot/share/interpreter/linkResolver.cpp, line 767]
Event: 0.198 Thread 0x000001dd5ea4a000 Exception <a 'java/lang/ClassNotFoundException'{0x00000000898e1658}: com/sun/swing/internal/plaf/metal/resources/spi/metalProvider> (0x00000000898e1658) 
thrown [t:/workspace/open/src/hotspot/share/classfile/systemDictionary.cpp, line 232]
Event: 0.199 Thread 0x000001dd5ea4a000 Exception <a 'java/lang/ClassNotFoundException'{0x00000000898e5730}: com/sun/swing/internal/plaf/basic/resources/spi/basicProvider> (0x00000000898e5730) 
thrown [t:/workspace/open/src/hotspot/share/classfile/systemDictionary.cpp, line 232]
Event: 0.295 Thread 0x000001dd5ea4a000 Exception <a 'java/lang/NoSuchMethodError'{0x000000008972d500}: 'void java.lang.invoke.DirectMethodHandle$Holder.invokeStaticInit(java.lang.Object)'> (0x000000008972d500) 
thrown [t:/workspace/open/src/hotspot/share/interpreter/linkResolver.cpp, line 767]
Event: 0.316 Thread 0x000001dd5ea4a000 Exception <a 'java/lang/NoSuchMethodError'{0x0000000089107b30}: 'java.lang.Object java.lang.invoke.Invokers$Holder.linkToTargetMethod(java.lang.Object, int, java.lang.Object)'> (0x0000000089107b30) 
thrown [t:/workspace/open/src/hotspot/share/interpreter/linkResolver.cpp, line 767]

Events (20 events):
Event: 0.423 loading class java/awt/Toolkit$ToolkitEventMulticaster
Event: 0.423 loading class java/awt/Toolkit$ToolkitEventMulticaster done
Event: 0.423 loading class java/awt/event/MouseWheelEvent
Event: 0.424 loading class java/awt/event/MouseWheelEvent done
Event: 0.425 Executing VM operation: RevokeBias
Event: 0.425 Executing VM operation: RevokeBias done
Event: 0.426 Executing VM operation: BulkRevokeBias
Event: 0.426 Executing VM operation: BulkRevokeBias done
Event: 0.985 Thread 0x000001dd7f8b4800 Thread exited: 0x000001dd7f8b4800
Event: 5.276 Executing VM operation: RevokeBias
Event: 5.276 Executing VM operation: RevokeBias done
Event: 5.276 Thread 0x000001dd7ee27800 Thread exited: 0x000001dd7ee27800
Event: 5.779 Loaded shared library C:\Program Files\Java\jdk-13.0.2\bin\java.dll
Event: 5.779 Loaded shared library C:\Program Files\Java\jdk-13.0.2\bin\java.dll
Event: 5.780 Loaded shared library C:\Program Files\Java\jdk-13.0.2\bin\java.dll
Event: 5.780 Loaded shared library C:\Program Files\Java\jdk-13.0.2\bin\java.dll
Event: 8.140 loading class javax/swing/event/ChangeEvent
Event: 8.140 loading class javax/swing/event/ChangeEvent done
Event: 8.253 loading class java/awt/LightweightDispatcher$2
Event: 8.253 loading class java/awt/LightweightDispatcher$2 done


Dynamic libraries:
0x00007ff6e5cb0000 - 0x00007ff6e5cbf000 	C:\Program Files\Java\jdk-13.0.2\bin\java.exe
0x00007ffaf2660000 - 0x00007ffaf2869000 	C:\WINDOWS\SYSTEM32\ntdll.dll
0x00007ffaf1960000 - 0x00007ffaf1a1d000 	C:\WINDOWS\System32\KERNEL32.DLL
0x00007ffaefc00000 - 0x00007ffaeff74000 	C:\WINDOWS\System32\KERNELBASE.dll
0x00007ffaf0320000 - 0x00007ffaf0431000 	C:\WINDOWS\System32\ucrtbase.dll
0x00007ffae9750000 - 0x00007ffae9768000 	C:\Program Files\Java\jdk-13.0.2\bin\jli.dll
0x00007ffaebe40000 - 0x00007ffaebe55000 	C:\Program Files\Java\jdk-13.0.2\bin\VCRUNTIME140.dll
0x00007ffaf1ae0000 - 0x00007ffaf1b8e000 	C:\WINDOWS\System32\ADVAPI32.dll
0x00007ffaf1b90000 - 0x00007ffaf1c33000 	C:\WINDOWS\System32\msvcrt.dll
0x00007ffaf18c0000 - 0x00007ffaf195e000 	C:\WINDOWS\System32\sechost.dll
0x00007ffaf2500000 - 0x00007ffaf2620000 	C:\WINDOWS\System32\RPCRT4.dll
0x00007ffaf0500000 - 0x00007ffaf06ac000 	C:\WINDOWS\System32\USER32.dll
0x00007ffaefb50000 - 0x00007ffaefb76000 	C:\WINDOWS\System32\win32u.dll
0x00007ffaf06d0000 - 0x00007ffaf06f9000 	C:\WINDOWS\System32\GDI32.dll
0x00007ffad5c00000 - 0x00007ffad5ea5000 	C:\WINDOWS\WinSxS\amd64_microsoft.windows.common-controls_6595b64144ccf1df_6.0.22000.120_none_9d947278b86cc467\COMCTL32.dll
0x00007ffaefff0000 - 0x00007ffaf0102000 	C:\WINDOWS\System32\gdi32full.dll
0x00007ffaf0110000 - 0x00007ffaf01ad000 	C:\WINDOWS\System32\msvcp_win.dll
0x00007ffae8e80000 - 0x00007ffae8e8a000 	C:\WINDOWS\SYSTEM32\VERSION.dll
0x00007ffaf1160000 - 0x00007ffaf1191000 	C:\WINDOWS\System32\IMM32.DLL
0x00007ffaca720000 - 0x00007ffaca7bb000 	C:\Program Files\Java\jdk-13.0.2\bin\msvcp140.dll
0x00007ffa75010000 - 0x00007ffa75b6d000 	C:\Program Files\Java\jdk-13.0.2\bin\server\jvm.dll
0x00007ffaf17e0000 - 0x00007ffaf17e8000 	C:\WINDOWS\System32\PSAPI.DLL
0x00007ffae9290000 - 0x00007ffae92c3000 	C:\WINDOWS\SYSTEM32\WINMM.dll
0x00007ffacfda0000 - 0x00007ffacfda9000 	C:\WINDOWS\SYSTEM32\WSOCK32.dll
0x00007ffaf1c40000 - 0x00007ffaf1caf000 	C:\WINDOWS\System32\WS2_32.dll
0x00007ffaeec50000 - 0x00007ffaeec68000 	C:\WINDOWS\SYSTEM32\kernel.appcore.dll
0x00007ffaecb30000 - 0x00007ffaecb40000 	C:\Program Files\Java\jdk-13.0.2\bin\verify.dll
0x00007ffaed680000 - 0x00007ffaed8a1000 	C:\WINDOWS\SYSTEM32\DBGHELP.DLL
0x00007ffad0820000 - 0x00007ffad0851000 	C:\WINDOWS\SYSTEM32\dbgcore.DLL
0x00007ffaefb80000 - 0x00007ffaefbff000 	C:\WINDOWS\System32\bcryptPrimitives.dll
0x00007ffaea200000 - 0x00007ffaea226000 	C:\Program Files\Java\jdk-13.0.2\bin\java.dll
0x00007ffaea4d0000 - 0x00007ffaea4e7000 	C:\Program Files\Java\jdk-13.0.2\bin\zip.dll
0x00007ffaebeb0000 - 0x00007ffaebeba000 	C:\Program Files\Java\jdk-13.0.2\bin\jimage.dll
0x00007ffaf07f0000 - 0x00007ffaf0f9e000 	C:\WINDOWS\System32\SHELL32.dll
0x00007ffaedcc0000 - 0x00007ffaee527000 	C:\WINDOWS\SYSTEM32\windows.storage.dll
0x00007ffaf1f80000 - 0x00007ffaf22f8000 	C:\WINDOWS\System32\combase.dll
0x00007ffaedb50000 - 0x00007ffaedcb6000 	C:\WINDOWS\SYSTEM32\wintypes.dll
0x00007ffaf1690000 - 0x00007ffaf177a000 	C:\WINDOWS\System32\SHCORE.dll
0x00007ffaf1a20000 - 0x00007ffaf1a7d000 	C:\WINDOWS\System32\shlwapi.dll
0x00007ffaefa80000 - 0x00007ffaefaa1000 	C:\WINDOWS\SYSTEM32\profapi.dll
0x00007ffaea100000 - 0x00007ffaea119000 	C:\Program Files\Java\jdk-13.0.2\bin\net.dll
0x00007ffae8320000 - 0x00007ffae842c000 	C:\WINDOWS\SYSTEM32\WINHTTP.dll
0x00007ffaef080000 - 0x00007ffaef0e7000 	C:\WINDOWS\system32\mswsock.dll
0x00007ffaea070000 - 0x00007ffaea083000 	C:\Program Files\Java\jdk-13.0.2\bin\nio.dll
0x00007ffabbdc0000 - 0x00007ffabbf59000 	C:\Program Files\Java\jdk-13.0.2\bin\awt.dll
0x00007ffaf2300000 - 0x00007ffaf23d6000 	C:\WINDOWS\System32\OLEAUT32.dll
0x00007ffaecd10000 - 0x00007ffaecda1000 	C:\WINDOWS\SYSTEM32\apphelp.dll
0x00007ffaed260000 - 0x00007ffaed28f000 	C:\WINDOWS\system32\DWMAPI.DLL
0x00007ffaeceb0000 - 0x00007ffaecf5c000 	C:\WINDOWS\system32\uxtheme.dll
0x00007ffad45c0000 - 0x00007ffad46c1000 	C:\WINDOWS\system32\opengl32.dll
0x00007ffad8a10000 - 0x00007ffad8a3d000 	C:\WINDOWS\SYSTEM32\GLU32.dll
0x00007ffaecfc0000 - 0x00007ffaecff8000 	C:\WINDOWS\SYSTEM32\dxcore.dll
0x00007ffaf23e0000 - 0x00007ffaf24fe000 	C:\WINDOWS\System32\MSCTF.dll
0x00007ffaf0fa0000 - 0x00007ffaf113a000 	C:\WINDOWS\System32\ole32.dll
0x00007ffae9770000 - 0x00007ffae979d000 	C:\Program Files\Java\jdk-13.0.2\bin\javajpeg.dll
0x00007ffad4c30000 - 0x00007ffad4cb2000 	C:\Program Files\Java\jdk-13.0.2\bin\freetype.dll
0x00007ffabcd50000 - 0x00007ffabcdf6000 	C:\Program Files\Java\jdk-13.0.2\bin\fontmanager.dll
0x00007ffad8e00000 - 0x00007ffad8f2d000 	C:\WINDOWS\SYSTEM32\textinputframework.dll
0x00007ffac3180000 - 0x00007ffac322e000 	C:\WINDOWS\SYSTEM32\TextShaping.dll
0x00007ffaec920000 - 0x00007ffaeca52000 	C:\WINDOWS\SYSTEM32\CoreMessaging.dll
0x00007ffae92d0000 - 0x00007ffae963d000 	C:\WINDOWS\SYSTEM32\CoreUIComponents.dll
0x00007ffaef2e0000 - 0x00007ffaef2ec000 	C:\WINDOWS\SYSTEM32\CRYPTBASE.DLL

dbghelp: loaded successfully - version: 4.0.5 - missing functions: none
symbol engine: initialized successfully - sym options: 0x614 - pdb path: .;C:\Program Files\Java\jdk-13.0.2\bin;C:\WINDOWS\SYSTEM32;C:\WINDOWS\WinSxS\amd64_microsoft.windows.common-controls_6595b64144ccf1df_6.0.22000.120_none_9d947278b86cc467;C:\Program Files\Java\jdk-13.0.2\bin\server

VM Arguments:
jvm_args: -Dfile.encoding=UTF-8 
java_command: musicacademy.Front_Page
java_class_path (initial): C:\Users\misba zaidi\Downloads\mysql-connector-java-8.0.28\mysql-connector-java-8.0.28\mysql-connector-java-8.0.28.jar;C:\Users\misba zaidi\OneDrive\Documents\NetBeansProjects\musicAcademy\build\classes
Launcher Type: SUN_STANDARD

[Global flags]
     intx CICompilerCount                          = 4                                         {product} {ergonomic}
     uint ConcGCThreads                            = 2                                         {product} {ergonomic}
     uint G1ConcRefinementThreads                  = 8                                         {product} {ergonomic}
   size_t G1HeapRegionSize                         = 1048576                                   {product} {ergonomic}
    uintx GCDrainStackTargetSize                   = 64                                        {product} {ergonomic}
   size_t InitialHeapSize                          = 134217728                                 {product} {ergonomic}
   size_t MarkStackSize                            = 4194304                                   {product} {ergonomic}
   size_t MaxHeapSize                              = 2118123520                                {product} {ergonomic}
   size_t MaxNewSize                               = 1270874112                                {product} {ergonomic}
   size_t MinHeapDeltaBytes                        = 1048576                                   {product} {ergonomic}
   size_t MinHeapSize                              = 8388608                                   {product} {ergonomic}
    uintx NonNMethodCodeHeapSize                   = 5839372                                {pd product} {ergonomic}
    uintx NonProfiledCodeHeapSize                  = 122909434                              {pd product} {ergonomic}
    uintx ProfiledCodeHeapSize                     = 122909434                              {pd product} {ergonomic}
    uintx ReservedCodeCacheSize                    = 251658240                              {pd product} {ergonomic}
     bool SegmentedCodeCache                       = true                                      {product} {ergonomic}
   size_t SoftMaxHeapSize                          = 2118123520                             {manageable} {ergonomic}
     bool UseCompressedClassPointers               = true                                 {lp64_product} {ergonomic}
     bool UseCompressedOops                        = true                                 {lp64_product} {ergonomic}
     bool UseG1GC                                  = true                                      {product} {ergonomic}
     bool UseLargePagesIndividualAllocation        = false                                  {pd product} {ergonomic}

Logging:
Log output configuration:
 #0: stdout all=warning uptime,level,tags
 #1: stderr all=off uptime,level,tags

Environment Variables:
JAVA_HOME=C:\Program Files\Java\jdk-13.0.2
PATH=C:\Python27\;C:\Python27\Scripts;C:\WINDOWS\system32;C:\WINDOWS;C:\WINDOWS\System32\Wbem;C:\WINDOWS\System32\WindowsPowerShell\v1.0\;C:\WINDOWS\System32\OpenSSH\;C:\ProgramData\chocolatey\bin;C:\Program Files\Java\jdk-13.0.2\bin;C:\Program Files (x86)\nodejs\;C:\Program Files\Git\cmd;C:\Users\misba zaidi\AppData\Local\Microsoft\WindowsApps;C:\Users\misba zaidi\AppData\Local\Programs\Microsoft VS Code\bin;C:\Users\misba zaidi\AppData\Local\atom\bin;C:\Users\misba zaidi\AppData\Local\Microsoft\WindowsApps;C:\Users\misba zaidi\AppData\Roaming\npm;
USERNAME=misba zaidi
OS=Windows_NT
PROCESSOR_IDENTIFIER=Intel64 Family 6 Model 142 Stepping 12, GenuineIntel



---------------  S Y S T E M  ---------------

OS: Windows 10 , 64 bit Build 22000 (10.0.22000.434)

CPU:total 8 (initial active 8) (4 cores per cpu, 2 threads per core) family 6 model 142 stepping 12, cmov, cx8, fxsr, mmx, sse, sse2, sse3, ssse3, sse4.1, sse4.2, popcnt, avx, avx2, aes, clmul, erms, 3dnowpref, lzcnt, ht, tsc, tscinvbit, bmi1, bmi2, adx, fma

Memory: 4k page, system-wide physical 8078M (1136M free)
TotalPageFile size 32654M (AvailPageFile size 0M)
current process WorkingSet (physical memory assigned to process): 73M, peak: 73M
current process commit charge ("private bytes"): 222M, peak: 229M

vm_info: Java HotSpot(TM) 64-Bit Server VM (13.0.2+8) for windows-amd64 JRE (13.0.2+8), built on Dec 11 2019 09:20:33 by "mach5one" with unknown MS VC++:1916

END.
